[WARNING] /Users/daniel/Documents/njit/WPI-Research/experiments-live/table-wrapper-api-WPI/src/main/java/org/spacious_team/table_wrapper/api/AbstractTableCell.java:[37,30] [keyfor:purity.not.deterministic.not.sideeffectfree.call] call to non-deterministic side-effecting dao.getIntValue not allowed in deterministic side-effect-free method
[WARNING] /Users/daniel/Documents/njit/WPI-Research/experiments-live/table-wrapper-api-WPI/src/main/java/org/spacious_team/table_wrapper/api/AbstractTableCell.java:[37,30] [nullness:purity.not.deterministic.not.sideeffectfree.call] call to non-deterministic side-effecting dao.getIntValue not allowed in deterministic side-effect-free method
[WARNING] /Users/daniel/Documents/njit/WPI-Research/experiments-live/table-wrapper-api-WPI/src/main/java/org/spacious_team/table_wrapper/api/AbstractTableCell.java:[42,31] [keyfor:purity.not.deterministic.not.sideeffectfree.call] call to non-deterministic side-effecting dao.getLongValue not allowed in deterministic side-effect-free method
[WARNING] /Users/daniel/Documents/njit/WPI-Research/experiments-live/table-wrapper-api-WPI/src/main/java/org/spacious_team/table_wrapper/api/AbstractTableCell.java:[42,31] [nullness:purity.not.deterministic.not.sideeffectfree.call] call to non-deterministic side-effecting dao.getLongValue not allowed in deterministic side-effect-free method
[WARNING] /Users/daniel/Documents/njit/WPI-Research/experiments-live/table-wrapper-api-WPI/src/main/java/org/spacious_team/table_wrapper/api/AbstractTableCell.java:[47,33] [keyfor:purity.not.deterministic.not.sideeffectfree.call] call to non-deterministic side-effecting dao.getDoubleValue not allowed in deterministic side-effect-free method
[WARNING] /Users/daniel/Documents/njit/WPI-Research/experiments-live/table-wrapper-api-WPI/src/main/java/org/spacious_team/table_wrapper/api/AbstractTableCell.java:[47,33] [nullness:purity.not.deterministic.not.sideeffectfree.call] call to non-deterministic side-effecting dao.getDoubleValue not allowed in deterministic side-effect-free method
[WARNING] /Users/daniel/Documents/njit/WPI-Research/experiments-live/table-wrapper-api-WPI/src/main/java/org/spacious_team/table_wrapper/api/AbstractTableCell.java:[52,37] [keyfor:purity.not.deterministic.not.sideeffectfree.call] call to non-deterministic side-effecting dao.getBigDecimalValue not allowed in deterministic side-effect-free method
[WARNING] /Users/daniel/Documents/njit/WPI-Research/experiments-live/table-wrapper-api-WPI/src/main/java/org/spacious_team/table_wrapper/api/AbstractTableCell.java:[52,37] [nullness:purity.not.deterministic.not.sideeffectfree.call] call to non-deterministic side-effecting dao.getBigDecimalValue not allowed in deterministic side-effect-free method
[WARNING] /Users/daniel/Documents/njit/WPI-Research/experiments-live/table-wrapper-api-WPI/src/main/java/org/spacious_team/table_wrapper/api/AbstractTableCell.java:[57,33] [keyfor:purity.not.deterministic.call] call to non-deterministic method dao.getStringValue not allowed in deterministic method
[WARNING] /Users/daniel/Documents/njit/WPI-Research/experiments-live/table-wrapper-api-WPI/src/main/java/org/spacious_team/table_wrapper/api/AbstractTableCell.java:[57,33] [nullness:purity.not.deterministic.call] call to non-deterministic method dao.getStringValue not allowed in deterministic method
[WARNING] /Users/daniel/Documents/njit/WPI-Research/experiments-live/table-wrapper-api-WPI/src/main/java/org/spacious_team/table_wrapper/api/AbstractTableCell.java:[67,40] [keyfor:purity.not.deterministic.not.sideeffectfree.call] call to non-deterministic side-effecting dao.getLocalDateTimeValue not allowed in deterministic side-effect-free method
[WARNING] /Users/daniel/Documents/njit/WPI-Research/experiments-live/table-wrapper-api-WPI/src/main/java/org/spacious_team/table_wrapper/api/AbstractTableCell.java:[67,40] [nullness:purity.not.deterministic.not.sideeffectfree.call] call to non-deterministic side-effecting dao.getLocalDateTimeValue not allowed in deterministic side-effect-free method
[WARNING] /Users/daniel/Documents/njit/WPI-Research/experiments-live/table-wrapper-api-WPI/src/main/java/org/spacious_team/table_wrapper/api/CellDataAccessObject.java:[136,32] [nullness:conditional] incompatible types in conditional expression.
  found   : null (NullType)
  required: @Initialized @NonNull Object
[WARNING] /Users/daniel/Documents/njit/WPI-Research/experiments-live/table-wrapper-api-WPI/src/main/java/org/spacious_team/table_wrapper/api/ReportPage.java:[172,48] [nullness:assignment] incompatible types in assignment.
  found   : @Initialized @Nullable Object
  required: @UnknownInitialization @NonNull Object
[WARNING] /Users/daniel/Documents/njit/WPI-Research/experiments-live/table-wrapper-api-WPI/src/main/java/org/spacious_team/table_wrapper/api/ReportPage.java:[196,31] [nullness:conditional] incompatible types in conditional expression.
  found   : null (NullType)
  required: @Initialized @NonNull TableCell
[WARNING] /Users/daniel/Documents/njit/WPI-Research/experiments-live/table-wrapper-api-WPI/src/main/java/org/spacious_team/table_wrapper/api/ReportPage.java:[196,49] [nullness:conditional] incompatible types in conditional expression.
  found   : @Initialized @Nullable TableCell
  required: @Initialized @NonNull TableCell
[WARNING] /Users/daniel/Documents/njit/WPI-Research/experiments-live/table-wrapper-api-WPI/src/main/java/org/spacious_team/table_wrapper/api/ReportPage.java:[309,50] [nullness:assignment] incompatible types in assignment.
  found   : @Initialized @Nullable Object
  required: @UnknownInitialization @NonNull Object
[WARNING] /Users/daniel/Documents/njit/WPI-Research/experiments-live/table-wrapper-api-WPI/src/main/java/org/spacious_team/table_wrapper/api/PatternTableColumn.java:[59,107] [nullness:assignment] incompatible types in assignment.
  found   : @Initialized @Nullable Object
  required: @UnknownInitialization @NonNull Object
[WARNING] /Users/daniel/Documents/njit/WPI-Research/experiments-live/table-wrapper-api-WPI/src/main/java/org/spacious_team/table_wrapper/api/PatternTableColumn.java:[59,162] [keyfor:purity.not.deterministic.not.sideeffectfree.call] call to non-deterministic side-effecting matches not allowed in deterministic side-effect-free method
[WARNING] /Users/daniel/Documents/njit/WPI-Research/experiments-live/table-wrapper-api-WPI/src/main/java/org/spacious_team/table_wrapper/api/PatternTableColumn.java:[59,162] [nullness:purity.not.deterministic.not.sideeffectfree.call] call to non-deterministic side-effecting matches not allowed in deterministic side-effect-free method
[WARNING] /Users/daniel/Documents/njit/WPI-Research/experiments-live/table-wrapper-api-WPI/src/main/java/org/spacious_team/table_wrapper/api/PatternTableColumn.java:[64,73] [keyfor:purity.not.deterministic.call] call to non-deterministic method String.join not allowed in deterministic method
[WARNING] /Users/daniel/Documents/njit/WPI-Research/experiments-live/table-wrapper-api-WPI/src/main/java/org/spacious_team/table_wrapper/api/PatternTableColumn.java:[64,73] [nullness:purity.not.deterministic.call] call to non-deterministic method String.join not allowed in deterministic method
[WARNING] /Users/daniel/Documents/njit/WPI-Research/experiments-live/table-wrapper-api-WPI/src/main/java/org/spacious_team/table_wrapper/api/AbstractTable.java:[112,32] [keyfor:purity.not.deterministic.not.sideeffectfree.call] call to non-deterministic side-effecting getDataCollection not allowed in deterministic side-effect-free method
[WARNING] /Users/daniel/Documents/njit/WPI-Research/experiments-live/table-wrapper-api-WPI/src/main/java/org/spacious_team/table_wrapper/api/AbstractTable.java:[112,32] [nullness:purity.not.deterministic.not.sideeffectfree.call] call to non-deterministic side-effecting getDataCollection not allowed in deterministic side-effect-free method
[WARNING] /Users/daniel/Documents/njit/WPI-Research/experiments-live/table-wrapper-api-WPI/src/main/java/org/spacious_team/table_wrapper/api/AbstractTable.java:[113,41] [keyfor:purity.not.deterministic.not.sideeffectfree.call] call to non-deterministic side-effecting rowExtractor.apply not allowed in deterministic side-effect-free method
[WARNING] /Users/daniel/Documents/njit/WPI-Research/experiments-live/table-wrapper-api-WPI/src/main/java/org/spacious_team/table_wrapper/api/AbstractTable.java:[113,41] [nullness:purity.not.deterministic.not.sideeffectfree.call] call to non-deterministic side-effecting rowExtractor.apply not allowed in deterministic side-effect-free method
[WARNING] /Users/daniel/Documents/njit/WPI-Research/experiments-live/table-wrapper-api-WPI/src/main/java/org/spacious_team/table_wrapper/api/AbstractTable.java:[115,24] [keyfor:purity.not.deterministic.not.sideeffectfree.call] call to non-deterministic side-effecting data.add not allowed in deterministic side-effect-free method
[WARNING] /Users/daniel/Documents/njit/WPI-Research/experiments-live/table-wrapper-api-WPI/src/main/java/org/spacious_team/table_wrapper/api/AbstractTable.java:[115,24] [nullness:purity.not.deterministic.not.sideeffectfree.call] call to non-deterministic side-effecting data.add not allowed in deterministic side-effect-free method
[WARNING] /Users/daniel/Documents/njit/WPI-Research/experiments-live/table-wrapper-api-WPI/src/main/java/org/spacious_team/table_wrapper/api/AbstractTable.java:[121,32] [keyfor:purity.not.deterministic.not.sideeffectfree.call] call to non-deterministic side-effecting getDataCollection not allowed in deterministic side-effect-free method
[WARNING] /Users/daniel/Documents/njit/WPI-Research/experiments-live/table-wrapper-api-WPI/src/main/java/org/spacious_team/table_wrapper/api/AbstractTable.java:[121,32] [nullness:purity.not.deterministic.not.sideeffectfree.call] call to non-deterministic side-effecting getDataCollection not allowed in deterministic side-effect-free method
[WARNING] /Users/daniel/Documents/njit/WPI-Research/experiments-live/table-wrapper-api-WPI/src/main/java/org/spacious_team/table_wrapper/api/AbstractTable.java:[122,53] [keyfor:purity.not.deterministic.not.sideeffectfree.call] call to non-deterministic side-effecting rowExtractor.apply not allowed in deterministic side-effect-free method
[WARNING] /Users/daniel/Documents/njit/WPI-Research/experiments-live/table-wrapper-api-WPI/src/main/java/org/spacious_team/table_wrapper/api/AbstractTable.java:[122,53] [nullness:purity.not.deterministic.not.sideeffectfree.call] call to non-deterministic side-effecting rowExtractor.apply not allowed in deterministic side-effect-free method
[WARNING] /Users/daniel/Documents/njit/WPI-Research/experiments-live/table-wrapper-api-WPI/src/main/java/org/spacious_team/table_wrapper/api/AbstractTable.java:[124,27] [keyfor:purity.not.deterministic.not.sideeffectfree.call] call to non-deterministic side-effecting data.addAll not allowed in deterministic side-effect-free method
[WARNING] /Users/daniel/Documents/njit/WPI-Research/experiments-live/table-wrapper-api-WPI/src/main/java/org/spacious_team/table_wrapper/api/AbstractTable.java:[124,27] [nullness:purity.not.deterministic.not.sideeffectfree.call] call to non-deterministic side-effecting data.addAll not allowed in deterministic side-effect-free method
[WARNING] /Users/daniel/Documents/njit/WPI-Research/experiments-live/table-wrapper-api-WPI/src/main/java/org/spacious_team/table_wrapper/api/AbstractTable.java:[130,32] [keyfor:purity.not.deterministic.not.sideeffectfree.call] call to non-deterministic side-effecting getDataCollection not allowed in deterministic side-effect-free method
[WARNING] /Users/daniel/Documents/njit/WPI-Research/experiments-live/table-wrapper-api-WPI/src/main/java/org/spacious_team/table_wrapper/api/AbstractTable.java:[130,32] [nullness:purity.not.deterministic.not.sideeffectfree.call] call to non-deterministic side-effecting getDataCollection not allowed in deterministic side-effect-free method
[WARNING] /Users/daniel/Documents/njit/WPI-Research/experiments-live/table-wrapper-api-WPI/src/main/java/org/spacious_team/table_wrapper/api/AbstractTable.java:[131,53] [keyfor:purity.not.deterministic.not.sideeffectfree.call] call to non-deterministic side-effecting rowExtractor.apply not allowed in deterministic side-effect-free method
[WARNING] /Users/daniel/Documents/njit/WPI-Research/experiments-live/table-wrapper-api-WPI/src/main/java/org/spacious_team/table_wrapper/api/AbstractTable.java:[131,53] [nullness:purity.not.deterministic.not.sideeffectfree.call] call to non-deterministic side-effecting rowExtractor.apply not allowed in deterministic side-effect-free method
[WARNING] /Users/daniel/Documents/njit/WPI-Research/experiments-live/table-wrapper-api-WPI/src/main/java/org/spacious_team/table_wrapper/api/AbstractTable.java:[134,42] [keyfor:purity.not.deterministic.not.sideeffectfree.call] call to non-deterministic side-effecting addWithEqualityChecker not allowed in deterministic side-effect-free method
[WARNING] /Users/daniel/Documents/njit/WPI-Research/experiments-live/table-wrapper-api-WPI/src/main/java/org/spacious_team/table_wrapper/api/AbstractTable.java:[134,42] [nullness:purity.not.deterministic.not.sideeffectfree.call] call to non-deterministic side-effecting addWithEqualityChecker not allowed in deterministic side-effect-free method
[WARNING] /Users/daniel/Documents/njit/WPI-Research/experiments-live/table-wrapper-api-WPI/src/main/java/org/spacious_team/table_wrapper/api/AbstractTable.java:[155,25] [nullness:assignment] incompatible types in assignment.
  found   : null (NullType)
  required: T extends @UnknownInitialization @NonNull Object
[WARNING] /Users/daniel/Documents/njit/WPI-Research/experiments-live/table-wrapper-api-WPI/src/main/java/org/spacious_team/table_wrapper/api/AbstractTable.java:[180,35] [keyfor:purity.not.deterministic.not.sideeffectfree.call] call to non-deterministic side-effecting StreamSupport.stream not allowed in deterministic side-effect-free method
[WARNING] /Users/daniel/Documents/njit/WPI-Research/experiments-live/table-wrapper-api-WPI/src/main/java/org/spacious_team/table_wrapper/api/AbstractTable.java:[180,35] [nullness:purity.not.deterministic.not.sideeffectfree.call] call to non-deterministic side-effecting StreamSupport.stream not allowed in deterministic side-effect-free method
[WARNING] /Users/daniel/Documents/njit/WPI-Research/experiments-live/table-wrapper-api-WPI/src/main/java/org/spacious_team/table_wrapper/api/AbstractTable.java:[180,47] [keyfor:purity.not.deterministic.not.sideeffectfree.call] call to non-deterministic side-effecting spliterator not allowed in deterministic side-effect-free method
[WARNING] /Users/daniel/Documents/njit/WPI-Research/experiments-live/table-wrapper-api-WPI/src/main/java/org/spacious_team/table_wrapper/api/AbstractTable.java:[180,47] [nullness:purity.not.deterministic.not.sideeffectfree.call] call to non-deterministic side-effecting spliterator not allowed in deterministic side-effect-free method
[WARNING] /Users/daniel/Documents/njit/WPI-Research/experiments-live/table-wrapper-api-WPI/src/main/java/org/spacious_team/table_wrapper/api/AbstractTable.java:[232,33] [keyfor:purity.not.deterministic.not.sideeffectfree.call] call to non-deterministic side-effecting getMutableTableRow not allowed in deterministic side-effect-free method
[WARNING] /Users/daniel/Documents/njit/WPI-Research/experiments-live/table-wrapper-api-WPI/src/main/java/org/spacious_team/table_wrapper/api/AbstractTable.java:[232,33] [nullness:purity.not.deterministic.not.sideeffectfree.call] call to non-deterministic side-effecting getMutableTableRow not allowed in deterministic side-effect-free method
[WARNING] /Users/daniel/Documents/njit/WPI-Research/experiments-live/table-wrapper-api-WPI/src/main/java/org/spacious_team/table_wrapper/api/AbstractTable.java:[237,58] [keyfor:purity.not.deterministic.not.sideeffectfree.call] call to non-deterministic side-effecting reportPage.findByPrefix not allowed in deterministic side-effect-free method
[WARNING] /Users/daniel/Documents/njit/WPI-Research/experiments-live/table-wrapper-api-WPI/src/main/java/org/spacious_team/table_wrapper/api/AbstractTable.java:[237,58] [nullness:purity.not.deterministic.not.sideeffectfree.call] call to non-deterministic side-effecting reportPage.findByPrefix not allowed in deterministic side-effect-free method
[WARNING] /Users/daniel/Documents/njit/WPI-Research/experiments-live/table-wrapper-api-WPI/src/main/java/org/spacious_team/table_wrapper/api/AbstractTable.java:[238,33] [keyfor:purity.not.deterministic.not.sideeffectfree.call] call to non-deterministic side-effecting getMutableTableRow not allowed in deterministic side-effect-free method
[WARNING] /Users/daniel/Documents/njit/WPI-Research/experiments-live/table-wrapper-api-WPI/src/main/java/org/spacious_team/table_wrapper/api/AbstractTable.java:[238,33] [nullness:purity.not.deterministic.not.sideeffectfree.call] call to non-deterministic side-effecting getMutableTableRow not allowed in deterministic side-effect-free method
[WARNING] /Users/daniel/Documents/njit/WPI-Research/experiments-live/table-wrapper-api-WPI/src/main/java/org/spacious_team/table_wrapper/api/MutableTableRow.java:[41,35] [keyfor:purity.not.deterministic.call] call to non-deterministic method getCellIndex not allowed in deterministic method
[WARNING] /Users/daniel/Documents/njit/WPI-Research/experiments-live/table-wrapper-api-WPI/src/main/java/org/spacious_team/table_wrapper/api/MutableTableRow.java:[41,35] [nullness:purity.not.deterministic.call] call to non-deterministic method getCellIndex not allowed in deterministic method
[WARNING] /Users/daniel/Documents/njit/WPI-Research/experiments-live/table-wrapper-api-WPI/src/main/java/org/spacious_team/table_wrapper/api/MutableTableRow.java:[45,21] [nullness:contracts.precondition.override] Subclass precondition is stronger for 'this.row' in getCell.
    In superclass org.spacious_team.table_wrapper.api.ReportPageRow: no information
    In subclass org.spacious_team.table_wrapper.api.MutableTableRow: @Nullable
[WARNING] /Users/daniel/Documents/njit/WPI-Research/experiments-live/table-wrapper-api-WPI/src/main/java/org/spacious_team/table_wrapper/api/MutableTableRow.java:[46,15] [nullness:dereference.of.nullable] dereference of possibly-null reference row
[WARNING] /Users/daniel/Documents/njit/WPI-Research/experiments-live/table-wrapper-api-WPI/src/main/java/org/spacious_team/table_wrapper/api/MutableTableRow.java:[51,15] [nullness:dereference.of.nullable] dereference of possibly-null reference row
[WARNING] /Users/daniel/Documents/njit/WPI-Research/experiments-live/table-wrapper-api-WPI/src/main/java/org/spacious_team/table_wrapper/api/MutableTableRow.java:[56,15] [nullness:dereference.of.nullable] dereference of possibly-null reference row
[WARNING] /Users/daniel/Documents/njit/WPI-Research/experiments-live/table-wrapper-api-WPI/src/main/java/org/spacious_team/table_wrapper/api/MutableTableRow.java:[61,15] [nullness:dereference.of.nullable] dereference of possibly-null reference row
[WARNING] /Users/daniel/Documents/njit/WPI-Research/experiments-live/table-wrapper-api-WPI/src/main/java/org/spacious_team/table_wrapper/api/MutableTableRow.java:[66,15] [nullness:dereference.of.nullable] dereference of possibly-null reference row
[WARNING] /Users/daniel/Documents/njit/WPI-Research/experiments-live/table-wrapper-api-WPI/src/main/java/org/spacious_team/table_wrapper/api/MutableTableRow.java:[71,15] [nullness:dereference.of.nullable] dereference of possibly-null reference row
[WARNING] /Users/daniel/Documents/njit/WPI-Research/experiments-live/table-wrapper-api-WPI/src/main/java/org/spacious_team/table_wrapper/api/MutableTableRow.java:[76,45] [keyfor:purity.not.deterministic.call] call to non-deterministic method getCellIndex not allowed in deterministic method
[WARNING] /Users/daniel/Documents/njit/WPI-Research/experiments-live/table-wrapper-api-WPI/src/main/java/org/spacious_team/table_wrapper/api/MutableTableRow.java:[76,45] [nullness:purity.not.deterministic.call] call to non-deterministic method getCellIndex not allowed in deterministic method
[WARNING] /Users/daniel/Documents/njit/WPI-Research/experiments-live/table-wrapper-api-WPI/src/main/java/org/spacious_team/table_wrapper/api/MutableTableRow.java:[81,30] [keyfor:purity.not.deterministic.not.sideeffectfree.call] call to non-deterministic side-effecting dao.getIntValue not allowed in deterministic side-effect-free method
[WARNING] /Users/daniel/Documents/njit/WPI-Research/experiments-live/table-wrapper-api-WPI/src/main/java/org/spacious_team/table_wrapper/api/MutableTableRow.java:[81,30] [nullness:purity.not.deterministic.not.sideeffectfree.call] call to non-deterministic side-effecting dao.getIntValue not allowed in deterministic side-effect-free method
[WARNING] /Users/daniel/Documents/njit/WPI-Research/experiments-live/table-wrapper-api-WPI/src/main/java/org/spacious_team/table_wrapper/api/MutableTableRow.java:[81,48] [keyfor:purity.not.deterministic.call] call to non-deterministic method getCellIndex not allowed in deterministic method
[WARNING] /Users/daniel/Documents/njit/WPI-Research/experiments-live/table-wrapper-api-WPI/src/main/java/org/spacious_team/table_wrapper/api/MutableTableRow.java:[81,48] [nullness:purity.not.deterministic.call] call to non-deterministic method getCellIndex not allowed in deterministic method
[WARNING] /Users/daniel/Documents/njit/WPI-Research/experiments-live/table-wrapper-api-WPI/src/main/java/org/spacious_team/table_wrapper/api/MutableTableRow.java:[86,31] [keyfor:purity.not.deterministic.not.sideeffectfree.call] call to non-deterministic side-effecting dao.getLongValue not allowed in deterministic side-effect-free method
[WARNING] /Users/daniel/Documents/njit/WPI-Research/experiments-live/table-wrapper-api-WPI/src/main/java/org/spacious_team/table_wrapper/api/MutableTableRow.java:[86,31] [nullness:purity.not.deterministic.not.sideeffectfree.call] call to non-deterministic side-effecting dao.getLongValue not allowed in deterministic side-effect-free method
[WARNING] /Users/daniel/Documents/njit/WPI-Research/experiments-live/table-wrapper-api-WPI/src/main/java/org/spacious_team/table_wrapper/api/MutableTableRow.java:[86,49] [keyfor:purity.not.deterministic.call] call to non-deterministic method getCellIndex not allowed in deterministic method
[WARNING] /Users/daniel/Documents/njit/WPI-Research/experiments-live/table-wrapper-api-WPI/src/main/java/org/spacious_team/table_wrapper/api/MutableTableRow.java:[86,49] [nullness:purity.not.deterministic.call] call to non-deterministic method getCellIndex not allowed in deterministic method
[WARNING] /Users/daniel/Documents/njit/WPI-Research/experiments-live/table-wrapper-api-WPI/src/main/java/org/spacious_team/table_wrapper/api/MutableTableRow.java:[91,33] [keyfor:purity.not.deterministic.not.sideeffectfree.call] call to non-deterministic side-effecting dao.getDoubleValue not allowed in deterministic side-effect-free method
[WARNING] /Users/daniel/Documents/njit/WPI-Research/experiments-live/table-wrapper-api-WPI/src/main/java/org/spacious_team/table_wrapper/api/MutableTableRow.java:[91,33] [nullness:purity.not.deterministic.not.sideeffectfree.call] call to non-deterministic side-effecting dao.getDoubleValue not allowed in deterministic side-effect-free method
[WARNING] /Users/daniel/Documents/njit/WPI-Research/experiments-live/table-wrapper-api-WPI/src/main/java/org/spacious_team/table_wrapper/api/MutableTableRow.java:[91,51] [keyfor:purity.not.deterministic.call] call to non-deterministic method getCellIndex not allowed in deterministic method
[WARNING] /Users/daniel/Documents/njit/WPI-Research/experiments-live/table-wrapper-api-WPI/src/main/java/org/spacious_team/table_wrapper/api/MutableTableRow.java:[91,51] [nullness:purity.not.deterministic.call] call to non-deterministic method getCellIndex not allowed in deterministic method
[WARNING] /Users/daniel/Documents/njit/WPI-Research/experiments-live/table-wrapper-api-WPI/src/main/java/org/spacious_team/table_wrapper/api/MutableTableRow.java:[96,37] [keyfor:purity.not.deterministic.not.sideeffectfree.call] call to non-deterministic side-effecting dao.getBigDecimalValue not allowed in deterministic side-effect-free method
[WARNING] /Users/daniel/Documents/njit/WPI-Research/experiments-live/table-wrapper-api-WPI/src/main/java/org/spacious_team/table_wrapper/api/MutableTableRow.java:[96,37] [nullness:purity.not.deterministic.not.sideeffectfree.call] call to non-deterministic side-effecting dao.getBigDecimalValue not allowed in deterministic side-effect-free method
[WARNING] /Users/daniel/Documents/njit/WPI-Research/experiments-live/table-wrapper-api-WPI/src/main/java/org/spacious_team/table_wrapper/api/MutableTableRow.java:[96,55] [keyfor:purity.not.deterministic.call] call to non-deterministic method getCellIndex not allowed in deterministic method
[WARNING] /Users/daniel/Documents/njit/WPI-Research/experiments-live/table-wrapper-api-WPI/src/main/java/org/spacious_team/table_wrapper/api/MutableTableRow.java:[96,55] [nullness:purity.not.deterministic.call] call to non-deterministic method getCellIndex not allowed in deterministic method
[WARNING] /Users/daniel/Documents/njit/WPI-Research/experiments-live/table-wrapper-api-WPI/src/main/java/org/spacious_team/table_wrapper/api/MutableTableRow.java:[101,33] [keyfor:purity.not.deterministic.call] call to non-deterministic method dao.getStringValue not allowed in deterministic method
[WARNING] /Users/daniel/Documents/njit/WPI-Research/experiments-live/table-wrapper-api-WPI/src/main/java/org/spacious_team/table_wrapper/api/MutableTableRow.java:[101,33] [nullness:purity.not.deterministic.call] call to non-deterministic method dao.getStringValue not allowed in deterministic method
[WARNING] /Users/daniel/Documents/njit/WPI-Research/experiments-live/table-wrapper-api-WPI/src/main/java/org/spacious_team/table_wrapper/api/MutableTableRow.java:[101,51] [keyfor:purity.not.deterministic.call] call to non-deterministic method getCellIndex not allowed in deterministic method
[WARNING] /Users/daniel/Documents/njit/WPI-Research/experiments-live/table-wrapper-api-WPI/src/main/java/org/spacious_team/table_wrapper/api/MutableTableRow.java:[101,51] [nullness:purity.not.deterministic.call] call to non-deterministic method getCellIndex not allowed in deterministic method
[WARNING] /Users/daniel/Documents/njit/WPI-Research/experiments-live/table-wrapper-api-WPI/src/main/java/org/spacious_team/table_wrapper/api/MutableTableRow.java:[106,34] [keyfor:purity.not.deterministic.call] call to non-deterministic method dao.getInstantValue not allowed in deterministic method
[WARNING] /Users/daniel/Documents/njit/WPI-Research/experiments-live/table-wrapper-api-WPI/src/main/java/org/spacious_team/table_wrapper/api/MutableTableRow.java:[106,34] [nullness:purity.not.deterministic.call] call to non-deterministic method dao.getInstantValue not allowed in deterministic method
[WARNING] /Users/daniel/Documents/njit/WPI-Research/experiments-live/table-wrapper-api-WPI/src/main/java/org/spacious_team/table_wrapper/api/MutableTableRow.java:[106,52] [keyfor:purity.not.deterministic.call] call to non-deterministic method getCellIndex not allowed in deterministic method
[WARNING] /Users/daniel/Documents/njit/WPI-Research/experiments-live/table-wrapper-api-WPI/src/main/java/org/spacious_team/table_wrapper/api/MutableTableRow.java:[106,52] [nullness:purity.not.deterministic.call] call to non-deterministic method getCellIndex not allowed in deterministic method
[WARNING] /Users/daniel/Documents/njit/WPI-Research/experiments-live/table-wrapper-api-WPI/src/main/java/org/spacious_team/table_wrapper/api/MutableTableRow.java:[111,40] [keyfor:purity.not.deterministic.not.sideeffectfree.call] call to non-deterministic side-effecting dao.getLocalDateTimeValue not allowed in deterministic side-effect-free method
[WARNING] /Users/daniel/Documents/njit/WPI-Research/experiments-live/table-wrapper-api-WPI/src/main/java/org/spacious_team/table_wrapper/api/MutableTableRow.java:[111,40] [nullness:purity.not.deterministic.not.sideeffectfree.call] call to non-deterministic side-effecting dao.getLocalDateTimeValue not allowed in deterministic side-effect-free method
[WARNING] /Users/daniel/Documents/njit/WPI-Research/experiments-live/table-wrapper-api-WPI/src/main/java/org/spacious_team/table_wrapper/api/MutableTableRow.java:[111,58] [keyfor:purity.not.deterministic.call] call to non-deterministic method getCellIndex not allowed in deterministic method
[WARNING] /Users/daniel/Documents/njit/WPI-Research/experiments-live/table-wrapper-api-WPI/src/main/java/org/spacious_team/table_wrapper/api/MutableTableRow.java:[111,58] [nullness:purity.not.deterministic.call] call to non-deterministic method getCellIndex not allowed in deterministic method
[WARNING] /Users/daniel/Documents/njit/WPI-Research/experiments-live/table-wrapper-api-WPI/src/main/java/org/spacious_team/table_wrapper/api/MutableTableRow.java:[115,60] [nullness:assignment] incompatible types in assignment.
  found   : @Initialized @Nullable Integer
  required: @UnknownInitialization @NonNull Integer
[WARNING] /Users/daniel/Documents/njit/WPI-Research/experiments-live/table-wrapper-api-WPI/src/main/java/org/spacious_team/table_wrapper/api/MutableTableRow.java:[131,51] [keyfor:purity.not.deterministic.call] call to non-deterministic method super.clone not allowed in deterministic method
[WARNING] /Users/daniel/Documents/njit/WPI-Research/experiments-live/table-wrapper-api-WPI/src/main/java/org/spacious_team/table_wrapper/api/MutableTableRow.java:[131,51] [nullness:purity.not.deterministic.call] call to non-deterministic method super.clone not allowed in deterministic method
[WARNING] /Users/daniel/Documents/njit/WPI-Research/experiments-live/table-wrapper-api-WPI/src/main/java/org/spacious_team/table_wrapper/api/MutableTableRow.java:[132,10] [keyfor:purity.not.deterministic.catch] catch block not allowed in deterministic method
[WARNING] /Users/daniel/Documents/njit/WPI-Research/experiments-live/table-wrapper-api-WPI/src/main/java/org/spacious_team/table_wrapper/api/MutableTableRow.java:[132,10] [nullness:purity.not.deterministic.catch] catch block not allowed in deterministic method
[WARNING] /Users/daniel/Documents/njit/WPI-Research/experiments-live/table-wrapper-api-WPI/src/main/java/org/spacious_team/table_wrapper/api/MutableTableRow.java:[133,43] [keyfor:purity.not.deterministic.not.sideeffectfree.call] call to non-deterministic side-effecting lombok.Lombok.sneakyThrow not allowed in deterministic side-effect-free method
[WARNING] /Users/daniel/Documents/njit/WPI-Research/experiments-live/table-wrapper-api-WPI/src/main/java/org/spacious_team/table_wrapper/api/MutableTableRow.java:[133,43] [nullness:purity.not.deterministic.not.sideeffectfree.call] call to non-deterministic side-effecting lombok.Lombok.sneakyThrow not allowed in deterministic side-effect-free method
[WARNING] /Users/daniel/Documents/njit/WPI-Research/experiments-live/table-wrapper-api-WPI/src/main/java/org/spacious_team/table_wrapper/api/DateTimeFormatParser.java:[36,26] [nullness:assignment] incompatible types in assignment.
  found   : null (NullType)
  required: @UnknownInitialization @NonNull Pattern
[WARNING] /Users/daniel/Documents/njit/WPI-Research/experiments-live/table-wrapper-api-WPI/src/main/java/org/spacious_team/table_wrapper/api/DateTimeFormatParser.java:[157,29] [keyfor:purity.not.sideeffectfree.call] call to side-effecting format.append not allowed in side-effect-free method
[WARNING] /Users/daniel/Documents/njit/WPI-Research/experiments-live/table-wrapper-api-WPI/src/main/java/org/spacious_team/table_wrapper/api/DateTimeFormatParser.java:[157,29] [nullness:purity.not.sideeffectfree.call] call to side-effecting format.append not allowed in side-effect-free method